Command line:
   top_isim_beh.exe
     -simmode  gui
     -simrunnum  0
     -socket  60437

Thu Sep 06 11:07:26 2018


 Elaboration Time: 0.03125 sec

 Current Memory Usage: 1001.84 Meg

 Total Signals          : 63
 Total Nets             : 147
 Total Signal Drivers   : 26
 Total Blocks           : 15
 Total Primitive Blocks : 13
 Total Processes        : 44
 Total Traceable Variables  : 40
 Total Scalar Nets and Variables : 469
Total Line Count : 300

 Total Simulation Time: 0.09375 sec

 Current Memory Usage: 1001.84 Meg

Thu Sep 06 11:07:34 2018

