--------------------------------------------------------------------------------
Release 14.7 Trace  (nt)
Copyright (c) 1995-2013 Xilinx, Inc.  All rights reserved.

D:\Xilinx\14.7\ISE_DS\ISE\bin\nt\unwrapped\trce.exe -intstyle ise -v 3 -s 4 -n
3 -fastpaths -xml top.twx top.ncd -o top.twr top.pcf

Design file:              top.ncd
Physical constraint file: top.pcf
Device,package,speed:     xc3s500e,fg320,-4 (PRODUCTION 1.27 2013-10-13)
Report level:             verbose report

Environment Variable      Effect 
--------------------      ------ 
NONE                      No environment variables were set
--------------------------------------------------------------------------------

INFO:Timing:2698 - No timing constraints found, doing default enumeration.
INFO:Timing:3412 - To improve timing, see the Timing Closure User Guide (UG612).
INFO:Timing:2752 - To get complete path coverage, use the unconstrained paths 
   option. All paths that are not constrained will be reported in the 
   unconstrained paths section(s) of the report.
INFO:Timing:3339 - The clock-to-out numbers in this timing report are based on 
   a 50 Ohm transmission line loading model.  For the details of this model, 
   and for more information on accounting for different loading conditions, 
   please see the device datasheet.
INFO:Timing:3390 - This architecture does not support a default System Jitter 
   value, please add SYSTEM_JITTER constraint to the UCF to modify the Clock 
   Uncertainty calculation.
INFO:Timing:3389 - This architecture does not support 'Discrete Jitter' and 
   'Phase Error' calculations, these terms will be zero in the Clock 
   Uncertainty calculation.  Please make appropriate modification to 
   SYSTEM_JITTER to account for the unsupported Discrete Jitter and Phase 
   Error.



Data Sheet report:
-----------------
All values displayed in nanoseconds (ns)

Clock clk to Pad
------------+------------+------------------+--------+
            | clk (edge) |                  | Clock  |
Destination |   to PAD   |Internal Clock(s) | Phase  |
------------+------------+------------------+--------+
an<0>       |    7.702(R)|clk_BUFGP         |   0.000|
an<1>       |    8.057(R)|clk_BUFGP         |   0.000|
an<2>       |    8.114(R)|clk_BUFGP         |   0.000|
an<3>       |    7.994(R)|clk_BUFGP         |   0.000|
seg<0>      |    8.815(R)|clk_BUFGP         |   0.000|
seg<1>      |    7.751(R)|clk_BUFGP         |   0.000|
seg<2>      |    8.462(R)|clk_BUFGP         |   0.000|
seg<3>      |    8.050(R)|clk_BUFGP         |   0.000|
seg<4>      |    8.041(R)|clk_BUFGP         |   0.000|
seg<5>      |    8.761(R)|clk_BUFGP         |   0.000|
seg<6>      |    7.823(R)|clk_BUFGP         |   0.000|
------------+------------+------------------+--------+

Clock sw to Pad
------------+------------+------------------+--------+
            | clk (edge) |                  | Clock  |
Destination |   to PAD   |Internal Clock(s) | Phase  |
------------+------------+------------------+--------+
Led<0>      |   10.934(R)|sw_BUFGP          |   0.000|
Led<1>      |   10.655(R)|sw_BUFGP          |   0.000|
Led<2>      |   10.789(R)|sw_BUFGP          |   0.000|
Led<3>      |   11.931(R)|sw_BUFGP          |   0.000|
Led<4>      |   11.503(R)|sw_BUFGP          |   0.000|
Led<5>      |   14.417(R)|sw_BUFGP          |   0.000|
Led<6>      |   11.538(R)|sw_BUFGP          |   0.000|
Led<7>      |   11.601(R)|sw_BUFGP          |   0.000|
------------+------------+------------------+--------+

Clock to Setup on destination clock clk
---------------+---------+---------+---------+---------+
               | Src:Rise| Src:Fall| Src:Rise| Src:Fall|
Source Clock   |Dest:Rise|Dest:Rise|Dest:Fall|Dest:Fall|
---------------+---------+---------+---------+---------+
clk            |    5.183|         |         |         |
sw             |   15.326|         |         |         |
---------------+---------+---------+---------+---------+

Clock to Setup on destination clock sw
---------------+---------+---------+---------+---------+
               | Src:Rise| Src:Fall| Src:Rise| Src:Fall|
Source Clock   |Dest:Rise|Dest:Rise|Dest:Fall|Dest:Fall|
---------------+---------+---------+---------+---------+
sw             |    8.751|         |         |         |
---------------+---------+---------+---------+---------+


Analysis completed Wed Sep 05 19:47:10 2018 
--------------------------------------------------------------------------------

Trace Settings:
-------------------------
Trace Settings 

Peak Memory Usage: 142 MB



