Release 14.7 - xst P.20131013 (nt)
Copyright (c) 1995-2013 Xilinx, Inc.  All rights reserved.
--> Parameter TMPDIR set to xst/projnav.tmp


Total REAL time to Xst completion: 1.00 secs
Total CPU time to Xst completion: 0.08 secs
 
--> Parameter xsthdpdir set to xst


Total REAL time to Xst completion: 1.00 secs
Total CPU time to Xst completion: 0.08 secs
 
--> Reading design: top.prj

TABLE OF CONTENTS
  1) Synthesis Options Summary
  2) HDL Compilation
  3) Design Hierarchy Analysis
  4) HDL Analysis
  5) HDL Synthesis
     5.1) HDL Synthesis Report
  6) Advanced HDL Synthesis
     6.1) Advanced HDL Synthesis Report
  7) Low Level Synthesis
  8) Partition Report
  9) Final Report
	9.1) Device utilization summary
	9.2) Partition Resource Summary
	9.3) TIMING REPORT


=========================================================================
*                      Synthesis Options Summary                        *
=========================================================================
---- Source Parameters
Input File Name                    : "top.prj"
Input Format                       : mixed
Ignore Synthesis Constraint File   : NO

---- Target Parameters
Output File Name                   : "top"
Output Format                      : NGC
Target Device                      : xc3s500e-4-fg320

---- Source Options
Top Module Name                    : top
Automatic FSM Extraction           : YES
FSM Encoding Algorithm             : Auto
Safe Implementation                : No
FSM Style                          : LUT
RAM Extraction                     : Yes
RAM Style                          : Auto
ROM Extraction                     : Yes
Mux Style                          : Auto
Decoder Extraction                 : YES
Priority Encoder Extraction        : Yes
Shift Register Extraction          : YES
Logical Shifter Extraction         : YES
XOR Collapsing                     : YES
ROM Style                          : Auto
Mux Extraction                     : Yes
Resource Sharing                   : YES
Asynchronous To Synchronous        : NO
Multiplier Style                   : Auto
Automatic Register Balancing       : No

---- Target Options
Add IO Buffers                     : YES
Global Maximum Fanout              : 100000
Add Generic Clock Buffer(BUFG)     : 24
Register Duplication               : YES
Slice Packing                      : YES
Optimize Instantiated Primitives   : NO
Use Clock Enable                   : Yes
Use Synchronous Set                : Yes
Use Synchronous Reset              : Yes
Pack IO Registers into IOBs        : Auto
Equivalent register Removal        : YES

---- General Options
Optimization Goal                  : Speed
Optimization Effort                : 1
Keep Hierarchy                     : No
Netlist Hierarchy                  : As_Optimized
RTL Output                         : Yes
Global Optimization                : AllClockNets
Read Cores                         : YES
Write Timing Constraints           : NO
Cross Clock Analysis               : NO
Hierarchy Separator                : /
Bus Delimiter                      : <>
Case Specifier                     : Maintain
Slice Utilization Ratio            : 100
BRAM Utilization Ratio             : 100
Verilog 2001                       : YES
Auto BRAM Packing                  : NO
Slice Utilization Ratio Delta      : 5

=========================================================================


=========================================================================
*                          HDL Compilation                              *
=========================================================================
Compiling verilog file "segment7.v" in library work
Compiling verilog file "register_status.v" in library work
Module <segment7> compiled
Compiling verilog file "register_a.v" in library work
Module <register_status> compiled
Compiling verilog file "pc.v" in library work
Module <register_a> compiled
Compiling verilog file "mux_data.v" in library work
Module <pc> compiled
Compiling verilog file "Mux_b.v" in library work
Module <mux_data> compiled
Compiling verilog file "Mux_a.v" in library work
Module <Mux_b> compiled
Compiling verilog file "data_memory.v" in library work
Module <Mux_a> compiled
Compiling verilog file "control_unit.v" in library work
Module <data_memory> compiled
Compiling verilog file "BCD.v" in library work
Module <control_unit> compiled
Compiling verilog file "alu.v" in library work
Module <BCD> compiled
Compiling verilog file "../Meta2.0/register_b.v" in library work
Module <alu> compiled
Compiling verilog file "../Meta2.0/instruction_memory.v" in library work
Module <register_b> compiled
Compiling verilog file "top.v" in library work
Module <instruction_memory> compiled
Module <top> compiled
Module <computer> compiled
No errors in compilation
Analysis of file <"top.prj"> succeeded.
 

=========================================================================
*                     Design Hierarchy Analysis                         *
=========================================================================
Analyzing hierarchy for module <top> in library <work>.

Analyzing hierarchy for module <computer> in library <work>.

Analyzing hierarchy for module <pc> in library <work>.

Analyzing hierarchy for module <instruction_memory> in library <work>.

Analyzing hierarchy for module <control_unit> in library <work>.

Analyzing hierarchy for module <register_a> in library <work>.

Analyzing hierarchy for module <register_b> in library <work>.

Analyzing hierarchy for module <Mux_a> in library <work>.

Analyzing hierarchy for module <Mux_b> in library <work>.

Analyzing hierarchy for module <alu> in library <work>.

Analyzing hierarchy for module <data_memory> in library <work>.

Analyzing hierarchy for module <mux_data> in library <work>.

Analyzing hierarchy for module <register_status> in library <work>.

Analyzing hierarchy for module <BCD> in library <work>.

Analyzing hierarchy for module <segment7> in library <work>.


=========================================================================
*                            HDL Analysis                               *
=========================================================================
Analyzing top module <top>.
Module <top> is correct for synthesis.
 
Analyzing module <computer> in library <work>.
Module <computer> is correct for synthesis.
 
Analyzing module <pc> in library <work>.
Module <pc> is correct for synthesis.
 
Analyzing module <instruction_memory> in library <work>.
Module <instruction_memory> is correct for synthesis.
 
Analyzing module <control_unit> in library <work>.
Module <control_unit> is correct for synthesis.
 
Analyzing module <register_a> in library <work>.
Module <register_a> is correct for synthesis.
 
Analyzing module <register_b> in library <work>.
Module <register_b> is correct for synthesis.
 
Analyzing module <Mux_a> in library <work>.
WARNING:Xst:883 - "Mux_a.v" line 31: Ignored duplicate item in case statement. 
Module <Mux_a> is correct for synthesis.
 
Analyzing module <Mux_b> in library <work>.
WARNING:Xst:905 - "Mux_b.v" line 29: One or more signals are missing in the sensitivity list of always block. To enable synthesis of FPGA/CPLD hardware, XST will assume that all necessary signals are present in the sensitivity list. Please note that the result of the synthesis may differ from the initial design specification. The missing signals are:
   <dataDM>
Module <Mux_b> is correct for synthesis.
 
Analyzing module <alu> in library <work>.
WARNING:Xst:905 - "alu.v" line 33: One or more signals are missing in the sensitivity list of always block. To enable synthesis of FPGA/CPLD hardware, XST will assume that all necessary signals are present in the sensitivity list. Please note that the result of the synthesis may differ from the initial design specification. The missing signals are:
   <temp>
Module <alu> is correct for synthesis.
 
Analyzing module <data_memory> in library <work>.
WARNING:Xst:2319 - "data_memory.v" line 38: Signal mem in initial block is partially initialized. The initialization will be ignored.
INFO:Xst:1433 - Contents of array <mem> may be accessed with an index that exceeds the array size. This could cause simulation mismatch.
INFO:Xst:1433 - Contents of array <mem> may be accessed with an index that exceeds the array size. This could cause simulation mismatch.
Module <data_memory> is correct for synthesis.
 
Analyzing module <mux_data> in library <work>.
Module <mux_data> is correct for synthesis.
 
Analyzing module <register_status> in library <work>.
Module <register_status> is correct for synthesis.
 
Analyzing module <BCD> in library <work>.
Module <BCD> is correct for synthesis.
 
Analyzing module <segment7> in library <work>.
Module <segment7> is correct for synthesis.
 

=========================================================================
*                           HDL Synthesis                               *
=========================================================================

Performing bidirectional port resolution...

Synthesizing Unit <pc>.
    Related source file is "pc.v".
    Found 8-bit up counter for signal <pcc>.
    Summary:
	inferred   1 Counter(s).
Unit <pc> synthesized.


Synthesizing Unit <instruction_memory>.
    Related source file is "../Meta2.0/instruction_memory.v".
WARNING:Xst:647 - Input <address<7:3>> is never used. This port will be preserved and left unconnected if it belongs to a top-level block or it belongs to a sub-block and the hierarchy of this sub-block is preserved.
WARNING:Xst:1781 - Signal <mem> is used but never assigned. Tied to default value.
    Found 5x15-bit ROM for signal <$COND_1>.
    Summary:
	inferred   1 ROM(s).
Unit <instruction_memory> synthesized.


Synthesizing Unit <control_unit>.
    Related source file is "control_unit.v".
WARNING:Xst:647 - Input <dataRegS> is never used. This port will be preserved and left unconnected if it belongs to a top-level block or it belongs to a sub-block and the hierarchy of this sub-block is preserved.
WARNING:Xst:1305 - Output <lPC> is never assigned. Tied to value 0.
WARNING:Xst:1305 - Output <sMuxD> is never assigned. Tied to value 0.
WARNING:Xst:1305 - Output <wDM> is never assigned. Tied to value 0.
    Found 32x4-bit ROM for signal <$rom0000>.
    Summary:
	inferred   1 ROM(s).
Unit <control_unit> synthesized.


Synthesizing Unit <register_a>.
    Related source file is "register_a.v".
    Found 8-bit register for signal <out>.
    Summary:
	inferred   8 D-type flip-flop(s).
Unit <register_a> synthesized.


Synthesizing Unit <register_b>.
    Related source file is "../Meta2.0/register_b.v".
    Found 8-bit register for signal <out>.
    Summary:
	inferred   8 D-type flip-flop(s).
Unit <register_b> synthesized.


Synthesizing Unit <Mux_a>.
    Related source file is "Mux_a.v".
    Found 8-bit 4-to-1 multiplexer for signal <out>.
    Summary:
	inferred   8 Multiplexer(s).
Unit <Mux_a> synthesized.


Synthesizing Unit <Mux_b>.
    Related source file is "Mux_b.v".
    Found 8-bit 4-to-1 multiplexer for signal <out>.
    Summary:
	inferred   8 Multiplexer(s).
Unit <Mux_b> synthesized.


Synthesizing Unit <alu>.
    Related source file is "alu.v".
WARNING:Xst:1305 - Output <c> is never assigned. Tied to value 0.
WARNING:Xst:1305 - Output <n> is never assigned. Tied to value 0.
WARNING:Xst:1305 - Output <v> is never assigned. Tied to value 0.
WARNING:Xst:1305 - Output <z> is never assigned. Tied to value 0.
WARNING:Xst:646 - Signal <temp<8>> is assigned but never used. This unconnected signal will be trimmed during the optimization process.
    Found 9-bit 8-to-1 multiplexer for signal <temp>.
    Found 9-bit subtractor for signal <temp$addsub0001> created at line 36.
    Found 8-bit adder carry out for signal <temp$addsub0002> created at line 35.
    Found 8-bit xor2 for signal <temp$xor0000> created at line 40.
    Summary:
	inferred   2 Adder/Subtractor(s).
	inferred   9 Multiplexer(s).
Unit <alu> synthesized.


Synthesizing Unit <data_memory>.
    Related source file is "data_memory.v".
WARNING:Xst:647 - Input <address<7:6>> is never used. This port will be preserved and left unconnected if it belongs to a top-level block or it belongs to a sub-block and the hierarchy of this sub-block is preserved.
    Found 33x8-bit single-port RAM <Mram_mem> for signal <mem>.
    Found 8-bit register for signal <dataOut>.
    Summary:
	inferred   1 RAM(s).
	inferred   8 D-type flip-flop(s).
Unit <data_memory> synthesized.


Synthesizing Unit <mux_data>.
    Related source file is "mux_data.v".
Unit <mux_data> synthesized.


Synthesizing Unit <register_status>.
    Related source file is "register_status.v".
WARNING:Xst:647 - Input <c> is never used. This port will be preserved and left unconnected if it belongs to a top-level block or it belongs to a sub-block and the hierarchy of this sub-block is preserved.
WARNING:Xst:647 - Input <n> is never used. This port will be preserved and left unconnected if it belongs to a top-level block or it belongs to a sub-block and the hierarchy of this sub-block is preserved.
WARNING:Xst:647 - Input <v> is never used. This port will be preserved and left unconnected if it belongs to a top-level block or it belongs to a sub-block and the hierarchy of this sub-block is preserved.
WARNING:Xst:647 - Input <z> is never used. This port will be preserved and left unconnected if it belongs to a top-level block or it belongs to a sub-block and the hierarchy of this sub-block is preserved.
WARNING:Xst:653 - Signal <load> is used but never assigned. This sourceless signal will be automatically connected to value 0.
WARNING:Xst:653 - Signal <data> is used but never assigned. This sourceless signal will be automatically connected to value 0000.
    Found 4-bit register for signal <out>.
    Summary:
	inferred   4 D-type flip-flop(s).
Unit <register_status> synthesized.


Synthesizing Unit <BCD>.
    Related source file is "BCD.v".
    Found 4-bit adder for signal <$add0000> created at line 44.
    Found 4-bit adder for signal <$add0001> created at line 44.
    Found 4-bit adder for signal <$add0002> created at line 44.
    Found 4-bit adder for signal <$add0003> created at line 42.
    Found 4-bit adder for signal <$add0004> created at line 44.
    Found 4-bit adder for signal <$add0005> created at line 42.
    Found 4-bit adder for signal <$add0006> created at line 44.
    Found 4-bit comparator greatequal for signal <hundreds_0$cmp_ge0000> created at line 41.
    Found 4-bit comparator greatequal for signal <hundreds_0$cmp_ge0001> created at line 41.
    Found 4-bit comparator greatequal for signal <tens_0$cmp_ge0000> created at line 43.
    Found 4-bit comparator greatequal for signal <tens_0$cmp_ge0001> created at line 43.
    Found 4-bit comparator greatequal for signal <tens_0$cmp_ge0002> created at line 43.
    Found 4-bit comparator greatequal for signal <tens_0$cmp_ge0003> created at line 43.
    Found 4-bit comparator greatequal for signal <tens_0$cmp_ge0004> created at line 43.
    Summary:
	inferred   7 Adder/Subtractor(s).
	inferred   7 Comparator(s).
Unit <BCD> synthesized.


Synthesizing Unit <segment7>.
    Related source file is "segment7.v".
    Found 16x7-bit ROM for signal <seg>.
    Summary:
	inferred   1 ROM(s).
Unit <segment7> synthesized.


Synthesizing Unit <computer>.
    Related source file is "top.v".
WARNING:Xst:1780 - Signal <seg_out4> is never used or assigned. This unconnected signal will be trimmed during the optimization process.
WARNING:Xst:1780 - Signal <bcd_out4> is never used or assigned. This unconnected signal will be trimmed during the optimization process.
WARNING:Xst:653 - Signal <alu> is used but never assigned. This sourceless signal will be automatically connected to value 0.
    Found 4-bit register for signal <an>.
    Found 7-bit register for signal <seg>.
    Found 32-bit up counter for signal <i>.
    Summary:
	inferred   1 Counter(s).
	inferred  11 D-type flip-flop(s).
Unit <computer> synthesized.


Synthesizing Unit <top>.
    Related source file is "top.v".
Unit <top> synthesized.


=========================================================================
HDL Synthesis Report

Macro Statistics
# RAMs                                                 : 1
 33x8-bit single-port RAM                              : 1
# ROMs                                                 : 5
 16x7-bit ROM                                          : 3
 32x4-bit ROM                                          : 1
 5x15-bit ROM                                          : 1
# Adders/Subtractors                                   : 9
 4-bit adder                                           : 7
 8-bit adder carry out                                 : 1
 9-bit subtractor                                      : 1
# Counters                                             : 2
 32-bit up counter                                     : 1
 8-bit up counter                                      : 1
# Registers                                            : 6
 4-bit register                                        : 2
 7-bit register                                        : 1
 8-bit register                                        : 3
# Comparators                                          : 7
 4-bit comparator greatequal                           : 7
# Multiplexers                                         : 3
 8-bit 4-to-1 multiplexer                              : 2
 9-bit 8-to-1 multiplexer                              : 1
# Xors                                                 : 1
 8-bit xor2                                            : 1

=========================================================================

=========================================================================
*                       Advanced HDL Synthesis                          *
=========================================================================

WARNING:Xst:1290 - Hierarchical block <regS> is unconnected in block <Comp>.
   It will be removed from the design.
WARNING:Xst:1293 - FF/Latch <dataOut_0> has a constant value of 0 in block <dm>. This FF/Latch will be trimmed during the optimization process.
WARNING:Xst:1293 - FF/Latch <dataOut_1> has a constant value of 0 in block <dm>. This FF/Latch will be trimmed during the optimization process.
WARNING:Xst:1293 - FF/Latch <dataOut_2> has a constant value of 0 in block <dm>. This FF/Latch will be trimmed during the optimization process.
WARNING:Xst:1293 - FF/Latch <dataOut_3> has a constant value of 0 in block <dm>. This FF/Latch will be trimmed during the optimization process.
WARNING:Xst:1293 - FF/Latch <dataOut_4> has a constant value of 0 in block <dm>. This FF/Latch will be trimmed during the optimization process.
WARNING:Xst:1293 - FF/Latch <dataOut_5> has a constant value of 0 in block <dm>. This FF/Latch will be trimmed during the optimization process.
WARNING:Xst:1293 - FF/Latch <dataOut_6> has a constant value of 0 in block <dm>. This FF/Latch will be trimmed during the optimization process.
WARNING:Xst:1293 - FF/Latch <dataOut_7> has a constant value of 0 in block <dm>. This FF/Latch will be trimmed during the optimization process.
WARNING:Xst:1290 - Hierarchical block <muxD> is unconnected in block <Comp>.
   It will be removed from the design.

Synthesizing (advanced) Unit <data_memory>.
INFO:Xst:3231 - The small RAM <Mram_mem> will be implemented on LUTs in order to maximize performance and save block RAM resources. If you want to force its implementation on block, use option/constraint ram_style.
    -----------------------------------------------------------------------
    | ram_type           | Distributed                         |          |
    -----------------------------------------------------------------------
    | Port A                                                              |
    |     aspect ratio   | 33-word x 8-bit                     |          |
    |     clkA           | connected to signal <clk>           | rise     |
    |     weA            | connected to signal <w>             | low      |
    |     addrA          | connected to signal <address>       |          |
    |     diA            | connected to signal <dataIn>        |          |
    |     doA            | connected to internal node          |          |
    -----------------------------------------------------------------------
Unit <data_memory> synthesized (advanced).

=========================================================================
Advanced HDL Synthesis Report

Macro Statistics
# RAMs                                                 : 1
 33x8-bit single-port distributed RAM                  : 1
# ROMs                                                 : 5
 16x7-bit ROM                                          : 3
 32x4-bit ROM                                          : 1
 5x15-bit ROM                                          : 1
# Adders/Subtractors                                   : 9
 4-bit adder                                           : 7
 8-bit adder carry out                                 : 1
 9-bit subtractor                                      : 1
# Counters                                             : 2
 32-bit up counter                                     : 1
 8-bit up counter                                      : 1
# Registers                                            : 39
 Flip-Flops                                            : 39
# Comparators                                          : 7
 4-bit comparator greatequal                           : 7
# Multiplexers                                         : 3
 8-bit 4-to-1 multiplexer                              : 2
 9-bit 8-to-1 multiplexer                              : 1
# Xors                                                 : 1
 8-bit xor2                                            : 1

=========================================================================

=========================================================================
*                         Low Level Synthesis                           *
=========================================================================
WARNING:Xst:1293 - FF/Latch <out_0> has a constant value of 0 in block <register_status>. This FF/Latch will be trimmed during the optimization process.
WARNING:Xst:1896 - Due to other FF/Latch trimming, FF/Latch <out_1> has a constant value of 0 in block <register_status>. This FF/Latch will be trimmed during the optimization process.
WARNING:Xst:1896 - Due to other FF/Latch trimming, FF/Latch <out_2> has a constant value of 0 in block <register_status>. This FF/Latch will be trimmed during the optimization process.
WARNING:Xst:1896 - Due to other FF/Latch trimming, FF/Latch <out_3> has a constant value of 0 in block <register_status>. This FF/Latch will be trimmed during the optimization process.
WARNING:Xst:2677 - Node <i_4> of sequential type is unconnected in block <computer>.
WARNING:Xst:2677 - Node <i_5> of sequential type is unconnected in block <computer>.
WARNING:Xst:2677 - Node <i_6> of sequential type is unconnected in block <computer>.
WARNING:Xst:2677 - Node <i_7> of sequential type is unconnected in block <computer>.
WARNING:Xst:2677 - Node <i_8> of sequential type is unconnected in block <computer>.
WARNING:Xst:2677 - Node <i_9> of sequential type is unconnected in block <computer>.
WARNING:Xst:2677 - Node <i_10> of sequential type is unconnected in block <computer>.
WARNING:Xst:2677 - Node <i_11> of sequential type is unconnected in block <computer>.
WARNING:Xst:2677 - Node <i_12> of sequential type is unconnected in block <computer>.
WARNING:Xst:2677 - Node <i_13> of sequential type is unconnected in block <computer>.
WARNING:Xst:2677 - Node <i_14> of sequential type is unconnected in block <computer>.
WARNING:Xst:2677 - Node <i_15> of sequential type is unconnected in block <computer>.
WARNING:Xst:2677 - Node <i_16> of sequential type is unconnected in block <computer>.
WARNING:Xst:2677 - Node <i_17> of sequential type is unconnected in block <computer>.
WARNING:Xst:2677 - Node <i_18> of sequential type is unconnected in block <computer>.
WARNING:Xst:2677 - Node <i_19> of sequential type is unconnected in block <computer>.
WARNING:Xst:2677 - Node <i_20> of sequential type is unconnected in block <computer>.
WARNING:Xst:2677 - Node <i_21> of sequential type is unconnected in block <computer>.
WARNING:Xst:2677 - Node <i_22> of sequential type is unconnected in block <computer>.
WARNING:Xst:2677 - Node <i_23> of sequential type is unconnected in block <computer>.
WARNING:Xst:2677 - Node <i_24> of sequential type is unconnected in block <computer>.
WARNING:Xst:2677 - Node <i_25> of sequential type is unconnected in block <computer>.
WARNING:Xst:2677 - Node <i_26> of sequential type is unconnected in block <computer>.
WARNING:Xst:2677 - Node <i_27> of sequential type is unconnected in block <computer>.
WARNING:Xst:2677 - Node <i_28> of sequential type is unconnected in block <computer>.
WARNING:Xst:2677 - Node <i_29> of sequential type is unconnected in block <computer>.
WARNING:Xst:2677 - Node <i_30> of sequential type is unconnected in block <computer>.
WARNING:Xst:2677 - Node <i_31> of sequential type is unconnected in block <computer>.

Optimizing unit <top> ...

Optimizing unit <register_a> ...

Optimizing unit <register_b> ...

Optimizing unit <alu> ...

Optimizing unit <data_memory> ...

Optimizing unit <BCD> ...

Optimizing unit <computer> ...
WARNING:Xst:2677 - Node <Comp/dm/dataOut_0> of sequential type is unconnected in block <top>.
WARNING:Xst:2677 - Node <Comp/dm/dataOut_1> of sequential type is unconnected in block <top>.
WARNING:Xst:2677 - Node <Comp/dm/dataOut_2> of sequential type is unconnected in block <top>.
WARNING:Xst:2677 - Node <Comp/dm/dataOut_3> of sequential type is unconnected in block <top>.
WARNING:Xst:2677 - Node <Comp/dm/dataOut_4> of sequential type is unconnected in block <top>.
WARNING:Xst:2677 - Node <Comp/dm/dataOut_5> of sequential type is unconnected in block <top>.
WARNING:Xst:2677 - Node <Comp/dm/dataOut_6> of sequential type is unconnected in block <top>.
WARNING:Xst:2677 - Node <Comp/dm/dataOut_7> of sequential type is unconnected in block <top>.
WARNING:Xst:2677 - Node <Comp/dm/Mram_mem1> of sequential type is unconnected in block <top>.
WARNING:Xst:2677 - Node <Comp/dm/Mram_mem2> of sequential type is unconnected in block <top>.
WARNING:Xst:2677 - Node <Comp/dm/Mram_mem3> of sequential type is unconnected in block <top>.
WARNING:Xst:2677 - Node <Comp/dm/Mram_mem6> of sequential type is unconnected in block <top>.
WARNING:Xst:2677 - Node <Comp/dm/Mram_mem4> of sequential type is unconnected in block <top>.
WARNING:Xst:2677 - Node <Comp/dm/Mram_mem5> of sequential type is unconnected in block <top>.
WARNING:Xst:2677 - Node <Comp/dm/Mram_mem9> of sequential type is unconnected in block <top>.
WARNING:Xst:2677 - Node <Comp/dm/Mram_mem7> of sequential type is unconnected in block <top>.
WARNING:Xst:2677 - Node <Comp/dm/Mram_mem8> of sequential type is unconnected in block <top>.
WARNING:Xst:2677 - Node <Comp/dm/Mram_mem12> of sequential type is unconnected in block <top>.
WARNING:Xst:2677 - Node <Comp/dm/Mram_mem10> of sequential type is unconnected in block <top>.
WARNING:Xst:2677 - Node <Comp/dm/Mram_mem11> of sequential type is unconnected in block <top>.
WARNING:Xst:2677 - Node <Comp/dm/Mram_mem15> of sequential type is unconnected in block <top>.
WARNING:Xst:2677 - Node <Comp/dm/Mram_mem13> of sequential type is unconnected in block <top>.
WARNING:Xst:2677 - Node <Comp/dm/Mram_mem14> of sequential type is unconnected in block <top>.
WARNING:Xst:2677 - Node <Comp/dm/Mram_mem16> of sequential type is unconnected in block <top>.

Mapping all equations...
Building and optimizing final netlist ...
Found area constraint ratio of 100 (+ 5) on block top, actual ratio is 1.

Final Macro Processing ...

=========================================================================
Final Register Report

Macro Statistics
# Registers                                            : 39
 Flip-Flops                                            : 39

=========================================================================

=========================================================================
*                           Partition Report                            *
=========================================================================

Partition Implementation Status
-------------------------------

  No Partitions were found in this design.

-------------------------------

=========================================================================
*                            Final Report                               *
=========================================================================
Final Results
RTL Top Level Output File Name     : top.ngr
Top Level Output File Name         : top
Output Format                      : NGC
Optimization Goal                  : Speed
Keep Hierarchy                     : No

Design Statistics
# IOs                              : 21

Cell Usage :
# BELS                             : 203
#      GND                         : 1
#      INV                         : 1
#      LUT1                        : 13
#      LUT2                        : 2
#      LUT2_D                      : 1
#      LUT3                        : 46
#      LUT3_D                      : 1
#      LUT3_L                      : 1
#      LUT4                        : 63
#      LUT4_L                      : 2
#      MUXCY                       : 24
#      MUXF5                       : 16
#      MUXF6                       : 3
#      VCC                         : 1
#      XORCY                       : 28
# FlipFlops/Latches                : 39
#      FD                          : 8
#      FDE                         : 8
#      FDR                         : 16
#      FDS                         : 7
# Clock Buffers                    : 2
#      BUFGP                       : 2
# IO Buffers                       : 19
#      OBUF                        : 19
=========================================================================

Device utilization summary:
---------------------------

Selected Device : 3s500efg320-4 

 Number of Slices:                       69  out of   4656     1%  
 Number of Slice Flip Flops:             39  out of   9312     0%  
 Number of 4 input LUTs:                130  out of   9312     1%  
 Number of IOs:                          21
 Number of bonded IOBs:                  21  out of    232     9%  
 Number of GCLKs:                         2  out of     24     8%  

---------------------------
Partition Resource Summary:
---------------------------

  No Partitions were found in this design.

---------------------------


=========================================================================
TIMING REPORT

NOTE: THESE TIMING NUMBERS ARE ONLY A SYNTHESIS ESTIMATE.
      FOR ACCURATE TIMING INFORMATION PLEASE REFER TO THE TRACE REPORT
      GENERATED AFTER PLACE-and-ROUTE.

Clock Information:
------------------
-----------------------------------+------------------------+-------+
Clock Signal                       | Clock buffer(FF name)  | Load  |
-----------------------------------+------------------------+-------+
sw                                 | BUFGP                  | 24    |
clk                                | BUFGP                  | 15    |
-----------------------------------+------------------------+-------+

Asynchronous Control Signals Information:
----------------------------------------
No asynchronous control signals found in this design

Timing Summary:
---------------
Speed Grade: -4

   Minimum period: 8.004ns (Maximum Frequency: 124.938MHz)
   Minimum input arrival time before clock: No path found
   Maximum output required time after clock: 11.960ns
   Maximum combinational path delay: No path found

Timing Detail:
--------------
All values displayed in nanoseconds (ns)

=========================================================================
Timing constraint: Default period analysis for Clock 'sw'
  Clock period: 8.004ns (frequency: 124.938MHz)
  Total number of paths / destination ports: 1096 / 48
-------------------------------------------------------------------------
Delay:               8.004ns (Levels of Logic = 13)
  Source:            Comp/PC/pcc_0 (FF)
  Destination:       Comp/regB/out_7 (FF)
  Source Clock:      sw rising
  Destination Clock: sw rising

  Data Path: Comp/PC/pcc_0 to Comp/regB/out_7
                                Gate     Net
    Cell:in->out      fanout   Delay   Delay  Logical Name (Net Name)
    ----------------------------------------  ------------
     FDR:C->Q              9   0.591   0.995  Comp/PC/pcc_0 (Comp/PC/pcc_0)
     LUT3:I0->O           14   0.704   1.035  Comp/im/Mrom__COND_111 (Comp/im/Mrom__COND_11)
     LUT3:I2->O            1   0.704   0.000  Comp/ALU/Msub_temp_addsub0001_lut<0> (Comp/ALU/Msub_temp_addsub0001_lut<0>)
     MUXCY:S->O            1   0.464   0.000  Comp/ALU/Msub_temp_addsub0001_cy<0> (Comp/ALU/Msub_temp_addsub0001_cy<0>)
     MUXCY:CI->O           1   0.059   0.000  Comp/ALU/Msub_temp_addsub0001_cy<1> (Comp/ALU/Msub_temp_addsub0001_cy<1>)
     MUXCY:CI->O           1   0.059   0.000  Comp/ALU/Msub_temp_addsub0001_cy<2> (Comp/ALU/Msub_temp_addsub0001_cy<2>)
     MUXCY:CI->O           1   0.059   0.000  Comp/ALU/Msub_temp_addsub0001_cy<3> (Comp/ALU/Msub_temp_addsub0001_cy<3>)
     MUXCY:CI->O           1   0.059   0.000  Comp/ALU/Msub_temp_addsub0001_cy<4> (Comp/ALU/Msub_temp_addsub0001_cy<4>)
     MUXCY:CI->O           1   0.059   0.000  Comp/ALU/Msub_temp_addsub0001_cy<5> (Comp/ALU/Msub_temp_addsub0001_cy<5>)
     MUXCY:CI->O           0   0.059   0.000  Comp/ALU/Msub_temp_addsub0001_cy<6> (Comp/ALU/Msub_temp_addsub0001_cy<6>)
     XORCY:CI->O           1   0.804   0.499  Comp/ALU/Msub_temp_addsub0001_xor<7> (Comp/ALU/temp_addsub0001<7>)
     LUT3:I1->O            1   0.704   0.000  Comp/ALU/Mmux_temp_67 (Comp/ALU/Mmux_temp_67)
     MUXF5:I0->O           1   0.321   0.000  Comp/ALU/Mmux_temp_4_f5_5 (Comp/ALU/Mmux_temp_4_f56)
     MUXF6:I0->O          13   0.521   0.000  Comp/ALU/Mmux_temp_2_f6_5 (Led_7_OBUF)
     FDE:D                     0.308          Comp/regA/out_7
    ----------------------------------------
    Total                      8.004ns (5.475ns logic, 2.529ns route)
                                       (68.4% logic, 31.6% route)

=========================================================================
Timing constraint: Default period analysis for Clock 'clk'
  Clock period: 5.409ns (frequency: 184.877MHz)
  Total number of paths / destination ports: 126 / 22
-------------------------------------------------------------------------
Delay:               5.409ns (Levels of Logic = 3)
  Source:            Comp/i_0 (FF)
  Destination:       Comp/seg_0 (FF)
  Source Clock:      clk rising
  Destination Clock: clk rising

  Data Path: Comp/i_0 to Comp/seg_0
                                Gate     Net
    Cell:in->out      fanout   Delay   Delay  Logical Name (Net Name)
    ----------------------------------------  ------------
     FD:C->Q              11   0.591   1.108  Comp/i_0 (Comp/i_0)
     LUT4:I0->O            5   0.704   0.668  Comp/an_mux0000<1>1 (Comp/an_mux0000<1>)
     LUT3:I2->O            2   0.704   0.622  Comp/seg_mux0000<0>10 (Comp/seg_mux0000<0>10)
     LUT3:I0->O            1   0.704   0.000  Comp/seg_mux0000<0>1001 (Comp/seg_mux0000<0>100)
     FDS:D                     0.308          Comp/seg_0
    ----------------------------------------
    Total                      5.409ns (3.011ns logic, 2.398ns route)
                                       (55.7% logic, 44.3% route)

=========================================================================
Timing constraint: Default OFFSET OUT AFTER for Clock 'clk'
  Total number of paths / destination ports: 11 / 11
-------------------------------------------------------------------------
Offset:              4.310ns (Levels of Logic = 1)
  Source:            Comp/seg_6 (FF)
  Destination:       seg<6> (PAD)
  Source Clock:      clk rising

  Data Path: Comp/seg_6 to seg<6>
                                Gate     Net
    Cell:in->out      fanout   Delay   Delay  Logical Name (Net Name)
    ----------------------------------------  ------------
     FDS:C->Q              2   0.591   0.447  Comp/seg_6 (Comp/seg_6)
     OBUF:I->O                 3.272          seg_6_OBUF (seg<6>)
    ----------------------------------------
    Total                      4.310ns (3.863ns logic, 0.447ns route)
                                       (89.6% logic, 10.4% route)

=========================================================================
Timing constraint: Default OFFSET OUT AFTER for Clock 'sw'
  Total number of paths / destination ports: 474 / 8
-------------------------------------------------------------------------
Offset:              11.960ns (Levels of Logic = 13)
  Source:            Comp/PC/pcc_0 (FF)
  Destination:       Led<6> (PAD)
  Source Clock:      sw rising

  Data Path: Comp/PC/pcc_0 to Led<6>
                                Gate     Net
    Cell:in->out      fanout   Delay   Delay  Logical Name (Net Name)
    ----------------------------------------  ------------
     FDR:C->Q              9   0.591   0.995  Comp/PC/pcc_0 (Comp/PC/pcc_0)
     LUT3:I0->O           14   0.704   1.035  Comp/im/Mrom__COND_111 (Comp/im/Mrom__COND_11)
     LUT3:I2->O            1   0.704   0.000  Comp/ALU/Msub_temp_addsub0001_lut<0> (Comp/ALU/Msub_temp_addsub0001_lut<0>)
     MUXCY:S->O            1   0.464   0.000  Comp/ALU/Msub_temp_addsub0001_cy<0> (Comp/ALU/Msub_temp_addsub0001_cy<0>)
     MUXCY:CI->O           1   0.059   0.000  Comp/ALU/Msub_temp_addsub0001_cy<1> (Comp/ALU/Msub_temp_addsub0001_cy<1>)
     MUXCY:CI->O           1   0.059   0.000  Comp/ALU/Msub_temp_addsub0001_cy<2> (Comp/ALU/Msub_temp_addsub0001_cy<2>)
     MUXCY:CI->O           1   0.059   0.000  Comp/ALU/Msub_temp_addsub0001_cy<3> (Comp/ALU/Msub_temp_addsub0001_cy<3>)
     MUXCY:CI->O           1   0.059   0.000  Comp/ALU/Msub_temp_addsub0001_cy<4> (Comp/ALU/Msub_temp_addsub0001_cy<4>)
     MUXCY:CI->O           1   0.059   0.000  Comp/ALU/Msub_temp_addsub0001_cy<5> (Comp/ALU/Msub_temp_addsub0001_cy<5>)
     XORCY:CI->O           1   0.804   0.499  Comp/ALU/Msub_temp_addsub0001_xor<6> (Comp/ALU/temp_addsub0001<6>)
     LUT3:I1->O            1   0.704   0.000  Comp/ALU/Mmux_temp_66 (Comp/ALU/Mmux_temp_66)
     MUXF5:I0->O           1   0.321   0.000  Comp/ALU/Mmux_temp_4_f5_4 (Comp/ALU/Mmux_temp_4_f55)
     MUXF6:I0->O          17   0.521   1.051  Comp/ALU/Mmux_temp_2_f6_4 (Led_6_OBUF)
     OBUF:I->O                 3.272          Led_6_OBUF (Led<6>)
    ----------------------------------------
    Total                     11.960ns (8.380ns logic, 3.580ns route)
                                       (70.1% logic, 29.9% route)

=========================================================================


Total REAL time to Xst completion: 5.00 secs
Total CPU time to Xst completion: 4.15 secs
 
--> 

Total memory usage is 281404 kilobytes

Number of errors   :    0 (   0 filtered)
Number of warnings :   92 (   0 filtered)
Number of infos    :    3 (   0 filtered)

